0 info it worked if it ends with ok
1 verbose cli [ '/usr/local/bin/node',
1 verbose cli   '/usr/local/lib/node_modules/.cnpm_npminstall/cnpm/4.2.0/cnpm/node_modules/.bin/npm',
1 verbose cli   '--userconfig=/Users/nick/.cnpmrc',
1 verbose cli   '--disturl=https://npm.taobao.org/mirrors/node',
1 verbose cli   '--registry=https://registry.npm.taobao.org',
1 verbose cli   'un',
1 verbose cli   'apidoc-swagger',
1 verbose cli   '-g' ]
2 info using npm@3.9.6
3 info using node@v7.10.0
4 verbose stack Error: Cannot find module 'normalize-git-url'
4 verbose stack     at Function.Module._resolveFilename (module.js:470:15)
4 verbose stack     at Function.Module._load (module.js:418:25)
4 verbose stack     at Module.require (module.js:498:17)
4 verbose stack     at require (internal/module.js:20:19)
4 verbose stack     at Object.<anonymous> (/usr/local/lib/node_modules/.cnpm_npminstall/npm/3.9.6/npm/lib/cache/add-remote-git.js:12:23)
4 verbose stack     at Module._compile (module.js:571:32)
4 verbose stack     at Object.Module._extensions..js (module.js:580:10)
4 verbose stack     at Module.load (module.js:488:32)
4 verbose stack     at tryModuleLoad (module.js:447:12)
4 verbose stack     at Function.Module._load (module.js:439:3)
5 verbose cwd /Users/nick/nodePro/RAP
6 error Darwin 16.6.0
7 error argv "/usr/local/bin/node" "/usr/local/lib/node_modules/.cnpm_npminstall/cnpm/4.2.0/cnpm/node_modules/.bin/npm" "--userconfig=/Users/nick/.cnpmrc" "--disturl=https://npm.taobao.org/mirrors/node" "--registry=https://registry.npm.taobao.org" "un" "apidoc-swagger" "-g"
8 error node v7.10.0
9 error npm  v3.9.6
10 error code MODULE_NOT_FOUND
11 error Cannot find module 'normalize-git-url'
12 error If you need help, you may report this error at:
12 error     <https://github.com/npm/npm/issues>
13 verbose exit [ 1, true ]
